Server start :  2016-11-09 16:33:08.566284163 +0100 CET  to port 9000
files/graph2 paint.png with 72492 bytes
[{graph2 paint.png 72492 2016-11-09 16:21:20.779037131 +0100 CET}]
signal: interrupt
0 127.0.0.1/8
1 172.16.22.162/16
2 192.168.42.73/24
3 ::1/128
4 fe80::e413:ef91:7172:2c8/64
5 fe80::423b:57d0:3f98:ab2b/64
Server start :  2016-11-09 16:36:20.31425474 +0100 CET  to port 9000
files/graph2 paint.png with 72492 bytes
[{graph2 paint.png 72492 2016-11-09 16:21:20.779037131 +0100 CET}]
files/graph2 paint.png with 72492 bytes
[{graph2 paint.png 72492 2016-11-09 16:21:20.779037131 +0100 CET}]
files/graph2 paint.png with 72492 bytes
[{graph2 paint.png 72492 2016-11-09 16:21:20.779037131 +0100 CET}]
files/graph2 paint.png with 72492 bytes
[{graph2 paint.png 72492 2016-11-09 16:21:20.779037131 +0100 CET}]
files/graph2 paint.png with 72492 bytes
[{graph2 paint.png 72492 2016-11-09 16:21:20.779037131 +0100 CET}]
files/graph2 paint.png with 72492 bytes
[{graph2 paint.png 72492 2016-11-09 16:21:20.779037131 +0100 CET}]
files/graph2 paint.png with 72492 bytes
[{graph2 paint.png 72492 2016-11-09 16:21:20.779037131 +0100 CET}]
Client requests: graph2 paint.png
72492
Client requests: graph2 paint.png
72492
files/graph2 paint.png with 72492 bytes
[{graph2 paint.png 72492 2016-11-09 16:21:20.779037131 +0100 CET}]
method: GET
method: GET
files/graph2 paint.png with 72492 bytes
[{graph2 paint.png 72492 2016-11-09 16:21:20.779037131 +0100 CET}]
files/graph2 paint.png with 72492 bytes
[{graph2 paint.png 72492 2016-11-09 16:21:20.779037131 +0100 CET}]
Client requests: graph2 paint.png
72492
Client requests: graph2 paint.png
72492
method: GET
method: GET
method: POST
Upload de Chat-ecrase.jpg ok!!
files/Chat-ecrase.jpg with 20427 bytes
files/graph2 paint.png with 72492 bytes
[{Chat-ecrase.jpg 20427 2016-11-09 16:38:15.834486519 +0100 CET} {graph2 paint.png 72492 2016-11-09 16:21:20.779037131 +0100 CET}]
method: GET
method: POST
http: no such file
method: GET
files/Chat-ecrase.jpg with 20427 bytes
files/graph2 paint.png with 72492 bytes
[{Chat-ecrase.jpg 20427 2016-11-09 16:38:15.834486519 +0100 CET} {graph2 paint.png 72492 2016-11-09 16:21:20.779037131 +0100 CET}]
Client requests: graph2 paint.png
72492
files/Chat-ecrase.jpg with 20427 bytes
files/graph2 paint.png with 72492 bytes
[{Chat-ecrase.jpg 20427 2016-11-09 16:38:15.834486519 +0100 CET} {graph2 paint.png 72492 2016-11-09 16:21:20.779037131 +0100 CET}]
Client requests: Chat-ecrase.jpg
20427
files/Chat-ecrase.jpg with 20427 bytes
files/graph2 paint.png with 72492 bytes
[{Chat-ecrase.jpg 20427 2016-11-09 16:38:15.834486519 +0100 CET} {graph2 paint.png 72492 2016-11-09 16:21:20.779037131 +0100 CET}]
files/Chat-ecrase.jpg with 20427 bytes
files/graph2 paint.png with 72492 bytes
[{Chat-ecrase.jpg 20427 2016-11-09 16:38:15.834486519 +0100 CET} {graph2 paint.png 72492 2016-11-09 16:21:20.779037131 +0100 CET}]
files/Chat-ecrase.jpg with 20427 bytes
files/graph2 paint.png with 72492 bytes
[{Chat-ecrase.jpg 20427 2016-11-09 16:38:15.834486519 +0100 CET} {graph2 paint.png 72492 2016-11-09 16:21:20.779037131 +0100 CET}]
files/Chat-ecrase.jpg with 20427 bytes
files/graph2 paint.png with 72492 bytes
[{Chat-ecrase.jpg 20427 2016-11-09 16:38:15.834486519 +0100 CET} {graph2 paint.png 72492 2016-11-09 16:21:20.779037131 +0100 CET}]
files/Chat-ecrase.jpg with 20427 bytes
files/graph2 paint.png with 72492 bytes
[{Chat-ecrase.jpg 20427 2016-11-09 16:38:15.834486519 +0100 CET} {graph2 paint.png 72492 2016-11-09 16:21:20.779037131 +0100 CET}]
files/Chat-ecrase.jpg with 20427 bytes
files/graph2 paint.png with 72492 bytes
[{Chat-ecrase.jpg 20427 2016-11-09 16:38:15.834486519 +0100 CET} {graph2 paint.png 72492 2016-11-09 16:21:20.779037131 +0100 CET}]
files/Chat-ecrase.jpg with 20427 bytes
files/graph2 paint.png with 72492 bytes
[{Chat-ecrase.jpg 20427 2016-11-09 16:38:15.834486519 +0100 CET} {graph2 paint.png 72492 2016-11-09 16:21:20.779037131 +0100 CET}]
files/Chat-ecrase.jpg with 20427 bytes
files/graph2 paint.png with 72492 bytes
[{Chat-ecrase.jpg 20427 2016-11-09 16:38:15.834486519 +0100 CET} {graph2 paint.png 72492 2016-11-09 16:21:20.779037131 +0100 CET}]
files/Chat-ecrase.jpg with 20427 bytes
files/graph2 paint.png with 72492 bytes
[{Chat-ecrase.jpg 20427 2016-11-09 16:38:15.834486519 +0100 CET} {graph2 paint.png 72492 2016-11-09 16:21:20.779037131 +0100 CET}]
Client requests: Chat-ecrase.jpg
20427
files/Chat-ecrase.jpg with 20427 bytes
files/graph2 paint.png with 72492 bytes
[{Chat-ecrase.jpg 20427 2016-11-09 16:38:15.834486519 +0100 CET} {graph2 paint.png 72492 2016-11-09 16:21:20.779037131 +0100 CET}]
Client requests: graph2 paint.png
72492
Client requests: Chat-ecrase.jpg
20427
method: GET
method: GET
method: POST
http: no such file
method: GET
Client requests: Chat-ecrase.jpg
20427
Client requests: graph2 paint.png
72492
files/Chat-ecrase.jpg with 20427 bytes
files/graph2 paint.png with 72492 bytes
[{Chat-ecrase.jpg 20427 2016-11-09 16:38:15.834486519 +0100 CET} {graph2 paint.png 72492 2016-11-09 16:21:20.779037131 +0100 CET}]
files/Chat-ecrase.jpg with 20427 bytes
files/graph2 paint.png with 72492 bytes
[{Chat-ecrase.jpg 20427 2016-11-09 16:38:15.834486519 +0100 CET} {graph2 paint.png 72492 2016-11-09 16:21:20.779037131 +0100 CET}]
files/Chat-ecrase.jpg with 20427 bytes
files/graph2 paint.png with 72492 bytes
[{Chat-ecrase.jpg 20427 2016-11-09 16:38:15.834486519 +0100 CET} {graph2 paint.png 72492 2016-11-09 16:21:20.779037131 +0100 CET}]
files/Chat-ecrase.jpg with 20427 bytes
files/graph2 paint.png with 72492 bytes
[{Chat-ecrase.jpg 20427 2016-11-09 16:38:15.834486519 +0100 CET} {graph2 paint.png 72492 2016-11-09 16:21:20.779037131 +0100 CET}]
method: GET
files/Chat-ecrase.jpg with 20427 bytes
files/graph2 paint.png with 72492 bytes
[{Chat-ecrase.jpg 20427 2016-11-09 16:38:15.834486519 +0100 CET} {graph2 paint.png 72492 2016-11-09 16:21:20.779037131 +0100 CET}]
files/Chat-ecrase.jpg with 20427 bytes
files/graph2 paint.png with 72492 bytes
[{Chat-ecrase.jpg 20427 2016-11-09 16:38:15.834486519 +0100 CET} {graph2 paint.png 72492 2016-11-09 16:21:20.779037131 +0100 CET}]
files/Chat-ecrase.jpg with 20427 bytes
files/graph2 paint.png with 72492 bytes
[{Chat-ecrase.jpg 20427 2016-11-09 16:38:15.834486519 +0100 CET} {graph2 paint.png 72492 2016-11-09 16:21:20.779037131 +0100 CET}]
files/Chat-ecrase.jpg with 20427 bytes
files/graph2 paint.png with 72492 bytes
[{Chat-ecrase.jpg 20427 2016-11-09 16:38:15.834486519 +0100 CET} {graph2 paint.png 72492 2016-11-09 16:21:20.779037131 +0100 CET}]
Client requests: graph2 paint.png
72492
method: GET
files/Chat-ecrase.jpg with 20427 bytes
files/graph2 paint.png with 72492 bytes
[{Chat-ecrase.jpg 20427 2016-11-09 16:38:15.834486519 +0100 CET} {graph2 paint.png 72492 2016-11-09 16:21:20.779037131 +0100 CET}]
method: POST
Upload de glace.jpg ok!!
files/Chat-ecrase.jpg with 20427 bytes
files/glace.jpg with 14194 bytes
files/graph2 paint.png with 72492 bytes
[{Chat-ecrase.jpg 20427 2016-11-09 16:38:15.834486519 +0100 CET} {glace.jpg 14194 2016-11-09 16:41:46.308838685 +0100 CET} {graph2 paint.png 72492 2016-11-09 16:21:20.779037131 +0100 CET}]
files/Chat-ecrase.jpg with 20427 bytes
files/glace.jpg with 14194 bytes
files/graph2 paint.png with 72492 bytes
[{Chat-ecrase.jpg 20427 2016-11-09 16:38:15.834486519 +0100 CET} {glace.jpg 14194 2016-11-09 16:41:46.308838685 +0100 CET} {graph2 paint.png 72492 2016-11-09 16:21:20.779037131 +0100 CET}]
files/Chat-ecrase.jpg with 20427 bytes
files/glace.jpg with 14194 bytes
files/graph2 paint.png with 72492 bytes
[{Chat-ecrase.jpg 20427 2016-11-09 16:38:15.834486519 +0100 CET} {glace.jpg 14194 2016-11-09 16:41:46.308838685 +0100 CET} {graph2 paint.png 72492 2016-11-09 16:21:20.779037131 +0100 CET}]
files/Chat-ecrase.jpg with 20427 bytes
files/glace.jpg with 14194 bytes
files/graph2 paint.png with 72492 bytes
[{Chat-ecrase.jpg 20427 2016-11-09 16:38:15.834486519 +0100 CET} {glace.jpg 14194 2016-11-09 16:41:46.308838685 +0100 CET} {graph2 paint.png 72492 2016-11-09 16:21:20.779037131 +0100 CET}]
files/Chat-ecrase.jpg with 20427 bytes
files/glace.jpg with 14194 bytes
files/graph2 paint.png with 72492 bytes
[{Chat-ecrase.jpg 20427 2016-11-09 16:38:15.834486519 +0100 CET} {glace.jpg 14194 2016-11-09 16:41:46.308838685 +0100 CET} {graph2 paint.png 72492 2016-11-09 16:21:20.779037131 +0100 CET}]
files/Chat-ecrase.jpg with 20427 bytes
files/glace.jpg with 14194 bytes
files/graph2 paint.png with 72492 bytes
[{Chat-ecrase.jpg 20427 2016-11-09 16:38:15.834486519 +0100 CET} {glace.jpg 14194 2016-11-09 16:41:46.308838685 +0100 CET} {graph2 paint.png 72492 2016-11-09 16:21:20.779037131 +0100 CET}]
files/Chat-ecrase.jpg with 20427 bytes
files/glace.jpg with 14194 bytes
files/graph2 paint.png with 72492 bytes
[{Chat-ecrase.jpg 20427 2016-11-09 16:38:15.834486519 +0100 CET} {glace.jpg 14194 2016-11-09 16:41:46.308838685 +0100 CET} {graph2 paint.png 72492 2016-11-09 16:21:20.779037131 +0100 CET}]
files/Chat-ecrase.jpg with 20427 bytes
files/glace.jpg with 14194 bytes
files/graph2 paint.png with 72492 bytes
[{Chat-ecrase.jpg 20427 2016-11-09 16:38:15.834486519 +0100 CET} {glace.jpg 14194 2016-11-09 16:41:46.308838685 +0100 CET} {graph2 paint.png 72492 2016-11-09 16:21:20.779037131 +0100 CET}]
files/Chat-ecrase.jpg with 20427 bytes
files/glace.jpg with 14194 bytes
files/graph2 paint.png with 72492 bytes
[{Chat-ecrase.jpg 20427 2016-11-09 16:38:15.834486519 +0100 CET} {glace.jpg 14194 2016-11-09 16:41:46.308838685 +0100 CET} {graph2 paint.png 72492 2016-11-09 16:21:20.779037131 +0100 CET}]
files/Chat-ecrase.jpg with 20427 bytes
files/glace.jpg with 14194 bytes
files/graph2 paint.png with 72492 bytes
[{Chat-ecrase.jpg 20427 2016-11-09 16:38:15.834486519 +0100 CET} {glace.jpg 14194 2016-11-09 16:41:46.308838685 +0100 CET} {graph2 paint.png 72492 2016-11-09 16:21:20.779037131 +0100 CET}]
Client requests: glace.jpg
14194
files/Chat-ecrase.jpg with 20427 bytes
files/glace.jpg with 14194 bytes
files/graph2 paint.png with 72492 bytes
[{Chat-ecrase.jpg 20427 2016-11-09 16:38:15.834486519 +0100 CET} {glace.jpg 14194 2016-11-09 16:41:46.308838685 +0100 CET} {graph2 paint.png 72492 2016-11-09 16:21:20.779037131 +0100 CET}]
files/Chat-ecrase.jpg with 20427 bytes
files/glace.jpg with 14194 bytes
files/graph2 paint.png with 72492 bytes
[{Chat-ecrase.jpg 20427 2016-11-09 16:38:15.834486519 +0100 CET} {glace.jpg 14194 2016-11-09 16:41:46.308838685 +0100 CET} {graph2 paint.png 72492 2016-11-09 16:21:20.779037131 +0100 CET}]
method: GET
method: POST
Upload de 26906e393ba7d503995c25f609e0b921.jpg ok!!
files/26906e393ba7d503995c25f609e0b921.jpg with 128338 bytes
files/Chat-ecrase.jpg with 20427 bytes
files/glace.jpg with 14194 bytes
files/graph2 paint.png with 72492 bytes
[{26906e393ba7d503995c25f609e0b921.jpg 128338 2016-11-09 16:43:10.143790265 +0100 CET} {Chat-ecrase.jpg 20427 2016-11-09 16:38:15.834486519 +0100 CET} {glace.jpg 14194 2016-11-09 16:41:46.308838685 +0100 CET} {graph2 paint.png 72492 2016-11-09 16:21:20.779037131 +0100 CET}]
files/26906e393ba7d503995c25f609e0b921.jpg with 128338 bytes
files/Chat-ecrase.jpg with 20427 bytes
files/glace.jpg with 14194 bytes
files/graph2 paint.png with 72492 bytes
[{26906e393ba7d503995c25f609e0b921.jpg 128338 2016-11-09 16:43:10.143790265 +0100 CET} {Chat-ecrase.jpg 20427 2016-11-09 16:38:15.834486519 +0100 CET} {glace.jpg 14194 2016-11-09 16:41:46.308838685 +0100 CET} {graph2 paint.png 72492 2016-11-09 16:21:20.779037131 +0100 CET}]
files/26906e393ba7d503995c25f609e0b921.jpg with 128338 bytes
files/Chat-ecrase.jpg with 20427 bytes
files/glace.jpg with 14194 bytes
files/graph2 paint.png with 72492 bytes
[{26906e393ba7d503995c25f609e0b921.jpg 128338 2016-11-09 16:43:10.143790265 +0100 CET} {Chat-ecrase.jpg 20427 2016-11-09 16:38:15.834486519 +0100 CET} {glace.jpg 14194 2016-11-09 16:41:46.308838685 +0100 CET} {graph2 paint.png 72492 2016-11-09 16:21:20.779037131 +0100 CET}]
files/26906e393ba7d503995c25f609e0b921.jpg with 128338 bytes
files/Chat-ecrase.jpg with 20427 bytes
files/glace.jpg with 14194 bytes
files/graph2 paint.png with 72492 bytes
[{26906e393ba7d503995c25f609e0b921.jpg 128338 2016-11-09 16:43:10.143790265 +0100 CET} {Chat-ecrase.jpg 20427 2016-11-09 16:38:15.834486519 +0100 CET} {glace.jpg 14194 2016-11-09 16:41:46.308838685 +0100 CET} {graph2 paint.png 72492 2016-11-09 16:21:20.779037131 +0100 CET}]
files/26906e393ba7d503995c25f609e0b921.jpg with 128338 bytes
files/Chat-ecrase.jpg with 20427 bytes
files/glace.jpg with 14194 bytes
files/graph2 paint.png with 72492 bytes
[{26906e393ba7d503995c25f609e0b921.jpg 128338 2016-11-09 16:43:10.143790265 +0100 CET} {Chat-ecrase.jpg 20427 2016-11-09 16:38:15.834486519 +0100 CET} {glace.jpg 14194 2016-11-09 16:41:46.308838685 +0100 CET} {graph2 paint.png 72492 2016-11-09 16:21:20.779037131 +0100 CET}]
Client requests: 26906e393ba7d503995c25f609e0b921.jpg
128338
files/26906e393ba7d503995c25f609e0b921.jpg with 128338 bytes
files/Chat-ecrase.jpg with 20427 bytes
files/glace.jpg with 14194 bytes
files/graph2 paint.png with 72492 bytes
[{26906e393ba7d503995c25f609e0b921.jpg 128338 2016-11-09 16:43:10.143790265 +0100 CET} {Chat-ecrase.jpg 20427 2016-11-09 16:38:15.834486519 +0100 CET} {glace.jpg 14194 2016-11-09 16:41:46.308838685 +0100 CET} {graph2 paint.png 72492 2016-11-09 16:21:20.779037131 +0100 CET}]
files/26906e393ba7d503995c25f609e0b921.jpg with 128338 bytes
files/Chat-ecrase.jpg with 20427 bytes
files/glace.jpg with 14194 bytes
files/graph2 paint.png with 72492 bytes
[{26906e393ba7d503995c25f609e0b921.jpg 128338 2016-11-09 16:43:10.143790265 +0100 CET} {Chat-ecrase.jpg 20427 2016-11-09 16:38:15.834486519 +0100 CET} {glace.jpg 14194 2016-11-09 16:41:46.308838685 +0100 CET} {graph2 paint.png 72492 2016-11-09 16:21:20.779037131 +0100 CET}]
files/26906e393ba7d503995c25f609e0b921.jpg with 128338 bytes
files/Chat-ecrase.jpg with 20427 bytes
files/glace.jpg with 14194 bytes
files/graph2 paint.png with 72492 bytes
[{26906e393ba7d503995c25f609e0b921.jpg 128338 2016-11-09 16:43:10.143790265 +0100 CET} {Chat-ecrase.jpg 20427 2016-11-09 16:38:15.834486519 +0100 CET} {glace.jpg 14194 2016-11-09 16:41:46.308838685 +0100 CET} {graph2 paint.png 72492 2016-11-09 16:21:20.779037131 +0100 CET}]
Client requests: Chat-ecrase.jpg
20427
Client requests: 26906e393ba7d503995c25f609e0b921.jpg
128338
files/26906e393ba7d503995c25f609e0b921.jpg with 128338 bytes
files/Chat-ecrase.jpg with 20427 bytes
files/glace.jpg with 14194 bytes
files/graph2 paint.png with 72492 bytes
[{26906e393ba7d503995c25f609e0b921.jpg 128338 2016-11-09 16:43:10.143790265 +0100 CET} {Chat-ecrase.jpg 20427 2016-11-09 16:38:15.834486519 +0100 CET} {glace.jpg 14194 2016-11-09 16:41:46.308838685 +0100 CET} {graph2 paint.png 72492 2016-11-09 16:21:20.779037131 +0100 CET}]
Client requests: glace.jpg
14194
method: GET
files/26906e393ba7d503995c25f609e0b921.jpg with 128338 bytes
files/Chat-ecrase.jpg with 20427 bytes
files/glace.jpg with 14194 bytes
files/graph2 paint.png with 72492 bytes
[{26906e393ba7d503995c25f609e0b921.jpg 128338 2016-11-09 16:43:10.143790265 +0100 CET} {Chat-ecrase.jpg 20427 2016-11-09 16:38:15.834486519 +0100 CET} {glace.jpg 14194 2016-11-09 16:41:46.308838685 +0100 CET} {graph2 paint.png 72492 2016-11-09 16:21:20.779037131 +0100 CET}]
Client requests: 26906e393ba7d503995c25f609e0b921.jpg
128338
Client requests: glace.jpg
14194
Client requests: glace.jpg
14194
files/26906e393ba7d503995c25f609e0b921.jpg with 128338 bytes
files/Chat-ecrase.jpg with 20427 bytes
files/glace.jpg with 14194 bytes
files/graph2 paint.png with 72492 bytes
[{26906e393ba7d503995c25f609e0b921.jpg 128338 2016-11-09 16:43:10.143790265 +0100 CET} {Chat-ecrase.jpg 20427 2016-11-09 16:38:15.834486519 +0100 CET} {glace.jpg 14194 2016-11-09 16:41:46.308838685 +0100 CET} {graph2 paint.png 72492 2016-11-09 16:21:20.779037131 +0100 CET}]
method: GET
files/26906e393ba7d503995c25f609e0b921.jpg with 128338 bytes
files/Chat-ecrase.jpg with 20427 bytes
files/glace.jpg with 14194 bytes
files/graph2 paint.png with 72492 bytes
[{26906e393ba7d503995c25f609e0b921.jpg 128338 2016-11-09 16:43:10.143790265 +0100 CET} {Chat-ecrase.jpg 20427 2016-11-09 16:38:15.834486519 +0100 CET} {glace.jpg 14194 2016-11-09 16:41:46.308838685 +0100 CET} {graph2 paint.png 72492 2016-11-09 16:21:20.779037131 +0100 CET}]
method: POST
Upload de javascript.pptx ok!!
files/26906e393ba7d503995c25f609e0b921.jpg with 128338 bytes
files/Chat-ecrase.jpg with 20427 bytes
files/glace.jpg with 14194 bytes
files/graph2 paint.png with 72492 bytes
files/javascript.pptx with 724003 bytes
[{26906e393ba7d503995c25f609e0b921.jpg 128338 2016-11-09 16:43:10.143790265 +0100 CET} {Chat-ecrase.jpg 20427 2016-11-09 16:38:15.834486519 +0100 CET} {glace.jpg 14194 2016-11-09 16:41:46.308838685 +0100 CET} {graph2 paint.png 72492 2016-11-09 16:21:20.779037131 +0100 CET} {javascript.pptx 724003 2016-11-09 16:46:12.022878239 +0100 CET}]
method: GET
method: POST
Upload de Cookies.pdf ok!!
files/26906e393ba7d503995c25f609e0b921.jpg with 128338 bytes
files/Chat-ecrase.jpg with 20427 bytes
files/Cookies.pdf with 31077 bytes
files/glace.jpg with 14194 bytes
files/graph2 paint.png with 72492 bytes
files/javascript.pptx with 724003 bytes
[{26906e393ba7d503995c25f609e0b921.jpg 128338 2016-11-09 16:43:10.143790265 +0100 CET} {Chat-ecrase.jpg 20427 2016-11-09 16:38:15.834486519 +0100 CET} {Cookies.pdf 31077 2016-11-09 16:47:00.986740182 +0100 CET} {glace.jpg 14194 2016-11-09 16:41:46.308838685 +0100 CET} {graph2 paint.png 72492 2016-11-09 16:21:20.779037131 +0100 CET} {javascript.pptx 724003 2016-11-09 16:46:12.022878239 +0100 CET}]
files/26906e393ba7d503995c25f609e0b921.jpg with 128338 bytes
files/Chat-ecrase.jpg with 20427 bytes
files/Cookies.pdf with 31077 bytes
files/glace.jpg with 14194 bytes
files/graph2 paint.png with 72492 bytes
files/javascript.pptx with 724003 bytes
[{26906e393ba7d503995c25f609e0b921.jpg 128338 2016-11-09 16:43:10.143790265 +0100 CET} {Chat-ecrase.jpg 20427 2016-11-09 16:38:15.834486519 +0100 CET} {Cookies.pdf 31077 2016-11-09 16:47:00.986740182 +0100 CET} {glace.jpg 14194 2016-11-09 16:41:46.308838685 +0100 CET} {graph2 paint.png 72492 2016-11-09 16:21:20.779037131 +0100 CET} {javascript.pptx 724003 2016-11-09 16:46:12.022878239 +0100 CET}]
files/26906e393ba7d503995c25f609e0b921.jpg with 128338 bytes
files/Chat-ecrase.jpg with 20427 bytes
files/Cookies.pdf with 31077 bytes
files/glace.jpg with 14194 bytes
files/graph2 paint.png with 72492 bytes
files/javascript.pptx with 724003 bytes
[{26906e393ba7d503995c25f609e0b921.jpg 128338 2016-11-09 16:43:10.143790265 +0100 CET} {Chat-ecrase.jpg 20427 2016-11-09 16:38:15.834486519 +0100 CET} {Cookies.pdf 31077 2016-11-09 16:47:00.986740182 +0100 CET} {glace.jpg 14194 2016-11-09 16:41:46.308838685 +0100 CET} {graph2 paint.png 72492 2016-11-09 16:21:20.779037131 +0100 CET} {javascript.pptx 724003 2016-11-09 16:46:12.022878239 +0100 CET}]
Client requests: javascript.pptx
724003
files/Chat-ecrase.jpg with 20427 bytes
files/Cookies.pdf with 31077 bytes
files/glace.jpg with 14194 bytes
files/graph2 paint.png with 72492 bytes
files/javascript.pptx with 724003 bytes
[{Chat-ecrase.jpg 20427 2016-11-09 16:38:15.834486519 +0100 CET} {Cookies.pdf 31077 2016-11-09 16:47:00.986740182 +0100 CET} {glace.jpg 14194 2016-11-09 16:41:46.308838685 +0100 CET} {graph2 paint.png 72492 2016-11-09 16:21:20.779037131 +0100 CET} {javascript.pptx 724003 2016-11-09 16:46:12.022878239 +0100 CET}]
files/javascript.pptx with 724003 bytes
[{javascript.pptx 724003 2016-11-09 16:46:12.022878239 +0100 CET}]
files/javascript.pptx with 724003 bytes
[{javascript.pptx 724003 2016-11-09 16:46:12.022878239 +0100 CET}]
files/javascript.pptx with 724003 bytes
[{javascript.pptx 724003 2016-11-09 16:46:12.022878239 +0100 CET}]
files/javascript.pptx with 724003 bytes
[{javascript.pptx 724003 2016-11-09 16:46:12.022878239 +0100 CET}]
files/javascript.pptx with 724003 bytes
[{javascript.pptx 724003 2016-11-09 16:46:12.022878239 +0100 CET}]
files/javascript.pptx with 724003 bytes
[{javascript.pptx 724003 2016-11-09 16:46:12.022878239 +0100 CET}]
Client requests: javascript.pptx
724003
method: GET
method: POST
Upload de lettre de motivation pour sam.docx ok!!
files/javascript.pptx with 724003 bytes
files/lettre de motivation pour sam.docx with 11471 bytes
[{javascript.pptx 724003 2016-11-09 16:46:12.022878239 +0100 CET} {lettre de motivation pour sam.docx 11471 2016-11-09 16:50:43.653362139 +0100 CET}]
files/javascript.pptx with 724003 bytes
files/lettre de motivation pour sam.docx with 11471 bytes
[{javascript.pptx 724003 2016-11-09 16:46:12.022878239 +0100 CET} {lettre de motivation pour sam.docx 11471 2016-11-09 16:50:43.653362139 +0100 CET}]
files/javascript.pptx with 724003 bytes
files/lettre de motivation pour sam.docx with 11471 bytes
[{javascript.pptx 724003 2016-11-09 16:46:12.022878239 +0100 CET} {lettre de motivation pour sam.docx 11471 2016-11-09 16:50:43.653362139 +0100 CET}]
method: GET
files/javascript.pptx with 724003 bytes
files/lettre de motivation pour sam.docx with 11471 bytes
[{javascript.pptx 724003 2016-11-09 16:46:12.022878239 +0100 CET} {lettre de motivation pour sam.docx 11471 2016-11-09 16:50:43.653362139 +0100 CET}]
files/javascript.pptx with 724003 bytes
files/lettre de motivation pour sam.docx with 11471 bytes
[{javascript.pptx 724003 2016-11-09 16:46:12.022878239 +0100 CET} {lettre de motivation pour sam.docx 11471 2016-11-09 16:50:43.653362139 +0100 CET}]
files/javascript.pptx with 724003 bytes
files/lettre de motivation pour sam.docx with 11471 bytes
[{javascript.pptx 724003 2016-11-09 16:46:12.022878239 +0100 CET} {lettre de motivation pour sam.docx 11471 2016-11-09 16:50:43.653362139 +0100 CET}]
files/javascript.pptx with 724003 bytes
files/lettre de motivation pour sam.docx with 11471 bytes
[{javascript.pptx 724003 2016-11-09 16:46:12.022878239 +0100 CET} {lettre de motivation pour sam.docx 11471 2016-11-09 16:50:43.653362139 +0100 CET}]
files/javascript.pptx with 724003 bytes
files/lettre de motivation pour sam.docx with 11471 bytes
[{javascript.pptx 724003 2016-11-09 16:46:12.022878239 +0100 CET} {lettre de motivation pour sam.docx 11471 2016-11-09 16:50:43.653362139 +0100 CET}]
files/javascript.pptx with 724003 bytes
files/lettre de motivation pour sam.docx with 11471 bytes
[{javascript.pptx 724003 2016-11-09 16:46:12.022878239 +0100 CET} {lettre de motivation pour sam.docx 11471 2016-11-09 16:50:43.653362139 +0100 CET}]
files/javascript.pptx with 724003 bytes
files/lettre de motivation pour sam.docx with 11471 bytes
[{javascript.pptx 724003 2016-11-09 16:46:12.022878239 +0100 CET} {lettre de motivation pour sam.docx 11471 2016-11-09 16:50:43.653362139 +0100 CET}]
files/javascript.pptx with 724003 bytes
files/lettre de motivation pour sam.docx with 11471 bytes
[{javascript.pptx 724003 2016-11-09 16:46:12.022878239 +0100 CET} {lettre de motivation pour sam.docx 11471 2016-11-09 16:50:43.653362139 +0100 CET}]
files/javascript.pptx with 724003 bytes
files/lettre de motivation pour sam.docx with 11471 bytes
[{javascript.pptx 724003 2016-11-09 16:46:12.022878239 +0100 CET} {lettre de motivation pour sam.docx 11471 2016-11-09 16:50:43.653362139 +0100 CET}]
files/javascript.pptx with 724003 bytes
files/lettre de motivation pour sam.docx with 11471 bytes
[{javascript.pptx 724003 2016-11-09 16:46:12.022878239 +0100 CET} {lettre de motivation pour sam.docx 11471 2016-11-09 16:50:43.653362139 +0100 CET}]
files/javascript.pptx with 724003 bytes
files/lettre de motivation pour sam.docx with 11471 bytes
[{javascript.pptx 724003 2016-11-09 16:46:12.022878239 +0100 CET} {lettre de motivation pour sam.docx 11471 2016-11-09 16:50:43.653362139 +0100 CET}]
files/javascript.pptx with 724003 bytes
files/lettre de motivation pour sam.docx with 11471 bytes
[{javascript.pptx 724003 2016-11-09 16:46:12.022878239 +0100 CET} {lettre de motivation pour sam.docx 11471 2016-11-09 16:50:43.653362139 +0100 CET}]
files/javascript.pptx with 724003 bytes
files/lettre de motivation pour sam.docx with 11471 bytes
[{javascript.pptx 724003 2016-11-09 16:46:12.022878239 +0100 CET} {lettre de motivation pour sam.docx 11471 2016-11-09 16:50:43.653362139 +0100 CET}]
files/javascript.pptx with 724003 bytes
files/lettre de motivation pour sam.docx with 11471 bytes
[{javascript.pptx 724003 2016-11-09 16:46:12.022878239 +0100 CET} {lettre de motivation pour sam.docx 11471 2016-11-09 16:50:43.653362139 +0100 CET}]
files/javascript.pptx with 724003 bytes
files/lettre de motivation pour sam.docx with 11471 bytes
[{javascript.pptx 724003 2016-11-09 16:46:12.022878239 +0100 CET} {lettre de motivation pour sam.docx 11471 2016-11-09 16:50:43.653362139 +0100 CET}]
files/javascript.pptx with 724003 bytes
files/lettre de motivation pour sam.docx with 11471 bytes
[{javascript.pptx 724003 2016-11-09 16:46:12.022878239 +0100 CET} {lettre de motivation pour sam.docx 11471 2016-11-09 16:50:43.653362139 +0100 CET}]
files/javascript.pptx with 724003 bytes
files/lettre de motivation pour sam.docx with 11471 bytes
[{javascript.pptx 724003 2016-11-09 16:46:12.022878239 +0100 CET} {lettre de motivation pour sam.docx 11471 2016-11-09 16:50:43.653362139 +0100 CET}]
files/javascript.pptx with 724003 bytes
files/lettre de motivation pour sam.docx with 11471 bytes
[{javascript.pptx 724003 2016-11-09 16:46:12.022878239 +0100 CET} {lettre de motivation pour sam.docx 11471 2016-11-09 16:50:43.653362139 +0100 CET}]
files/javascript.pptx with 724003 bytes
files/lettre de motivation pour sam.docx with 11471 bytes
[{javascript.pptx 724003 2016-11-09 16:46:12.022878239 +0100 CET} {lettre de motivation pour sam.docx 11471 2016-11-09 16:50:43.653362139 +0100 CET}]
files/javascript.pptx with 724003 bytes
files/lettre de motivation pour sam.docx with 11471 bytes
[{javascript.pptx 724003 2016-11-09 16:46:12.022878239 +0100 CET} {lettre de motivation pour sam.docx 11471 2016-11-09 16:50:43.653362139 +0100 CET}]
files/javascript.pptx with 724003 bytes
files/lettre de motivation pour sam.docx with 11471 bytes
[{javascript.pptx 724003 2016-11-09 16:46:12.022878239 +0100 CET} {lettre de motivation pour sam.docx 11471 2016-11-09 16:50:43.653362139 +0100 CET}]
method: POST
Upload de motivations.docx ok!!
files/javascript.pptx with 724003 bytes
files/lettre de motivation pour sam.docx with 11471 bytes
files/motivations.docx with 14275 bytes
[{javascript.pptx 724003 2016-11-09 16:46:12.022878239 +0100 CET} {lettre de motivation pour sam.docx 11471 2016-11-09 16:50:43.653362139 +0100 CET} {motivations.docx 14275 2016-11-09 16:51:25.697298502 +0100 CET}]
method: GET
files/javascript.pptx with 724003 bytes
files/lettre de motivation pour sam.docx with 11471 bytes
files/motivations.docx with 14275 bytes
[{javascript.pptx 724003 2016-11-09 16:46:12.022878239 +0100 CET} {lettre de motivation pour sam.docx 11471 2016-11-09 16:50:43.653362139 +0100 CET} {motivations.docx 14275 2016-11-09 16:51:25.697298502 +0100 CET}]
method: POST
Upload de CVAndreGorret2.1.doc ok!!
files/CVAndreGorret2.1.doc with 266752 bytes
files/javascript.pptx with 724003 bytes
files/lettre de motivation pour sam.docx with 11471 bytes
files/motivations.docx with 14275 bytes
[{CVAndreGorret2.1.doc 266752 2016-11-09 16:51:35.090737715 +0100 CET} {javascript.pptx 724003 2016-11-09 16:46:12.022878239 +0100 CET} {lettre de motivation pour sam.docx 11471 2016-11-09 16:50:43.653362139 +0100 CET} {motivations.docx 14275 2016-11-09 16:51:25.697298502 +0100 CET}]
files/CVAndreGorret2.1.doc with 266752 bytes
files/javascript.pptx with 724003 bytes
files/lettre de motivation pour sam.docx with 11471 bytes
files/motivations.docx with 14275 bytes
[{CVAndreGorret2.1.doc 266752 2016-11-09 16:51:35.090737715 +0100 CET} {javascript.pptx 724003 2016-11-09 16:46:12.022878239 +0100 CET} {lettre de motivation pour sam.docx 11471 2016-11-09 16:50:43.653362139 +0100 CET} {motivations.docx 14275 2016-11-09 16:51:25.697298502 +0100 CET}]
files/CVAndreGorret2.1.doc with 266752 bytes
files/javascript.pptx with 724003 bytes
files/lettre de motivation pour sam.docx with 11471 bytes
files/motivations.docx with 14275 bytes
[{CVAndreGorret2.1.doc 266752 2016-11-09 16:51:35.090737715 +0100 CET} {javascript.pptx 724003 2016-11-09 16:46:12.022878239 +0100 CET} {lettre de motivation pour sam.docx 11471 2016-11-09 16:50:43.653362139 +0100 CET} {motivations.docx 14275 2016-11-09 16:51:25.697298502 +0100 CET}]
files/CVAndreGorret2.1.doc with 266752 bytes
files/javascript.pptx with 724003 bytes
files/lettre de motivation pour sam.docx with 11471 bytes
files/motivations.docx with 14275 bytes
[{CVAndreGorret2.1.doc 266752 2016-11-09 16:51:35.090737715 +0100 CET} {javascript.pptx 724003 2016-11-09 16:46:12.022878239 +0100 CET} {lettre de motivation pour sam.docx 11471 2016-11-09 16:50:43.653362139 +0100 CET} {motivations.docx 14275 2016-11-09 16:51:25.697298502 +0100 CET}]
Client requests: CVAndreGorret2.1.doc
266752
Client requests: lettre de motivation pour sam.docx
11471
Client requests: motivations.docx
14275
Client requests: lettre de motivation pour sam.docx
11471
Client requests: motivations.docx
14275
Client requests: CVAndreGorret2.1.doc
266752
Client requests: motivations.docx
14275
Client requests: motivations.docx
14275
Client requests: lettre de motivation pour sam.docx
11471
Client requests: motivations.docx
14275
Client requests: lettre de motivation pour sam.docx
11471
files/CVAndreGorret2.1.doc with 266752 bytes
files/javascript.pptx with 724003 bytes
files/lettre de motivation pour sam.docx with 11471 bytes
files/motivations.docx with 14275 bytes
[{CVAndreGorret2.1.doc 266752 2016-11-09 16:51:35.090737715 +0100 CET} {javascript.pptx 724003 2016-11-09 16:46:12.022878239 +0100 CET} {lettre de motivation pour sam.docx 11471 2016-11-09 16:50:43.653362139 +0100 CET} {motivations.docx 14275 2016-11-09 16:51:25.697298502 +0100 CET}]
Client requests: motivations.docx
14275
Client requests: lettre de motivation pour sam.docx
11471
files/CVAndreGorret2.1.doc with 266752 bytes
files/javascript.pptx with 724003 bytes
files/lettre de motivation pour sam.docx with 11471 bytes
files/motivations.docx with 14275 bytes
[{CVAndreGorret2.1.doc 266752 2016-11-09 16:51:35.090737715 +0100 CET} {javascript.pptx 724003 2016-11-09 16:46:12.022878239 +0100 CET} {lettre de motivation pour sam.docx 11471 2016-11-09 16:50:43.653362139 +0100 CET} {motivations.docx 14275 2016-11-09 16:51:25.697298502 +0100 CET}]
method: GET
method: POST
Upload de funny-bath-cute-baby.jpg ok!!
files/CVAndreGorret2.1.doc with 266752 bytes
files/funny-bath-cute-baby.jpg with 34921 bytes
files/javascript.pptx with 724003 bytes
files/lettre de motivation pour sam.docx with 11471 bytes
files/motivations.docx with 14275 bytes
[{CVAndreGorret2.1.doc 266752 2016-11-09 16:51:35.090737715 +0100 CET} {funny-bath-cute-baby.jpg 34921 2016-11-09 16:53:30.928591128 +0100 CET} {javascript.pptx 724003 2016-11-09 16:46:12.022878239 +0100 CET} {lettre de motivation pour sam.docx 11471 2016-11-09 16:50:43.653362139 +0100 CET} {motivations.docx 14275 2016-11-09 16:51:25.697298502 +0100 CET}]
files/CVAndreGorret2.1.doc with 266752 bytes
files/funny-bath-cute-baby.jpg with 34921 bytes
files/javascript.pptx with 724003 bytes
files/lettre de motivation pour sam.docx with 11471 bytes
files/motivations.docx with 14275 bytes
[{CVAndreGorret2.1.doc 266752 2016-11-09 16:51:35.090737715 +0100 CET} {funny-bath-cute-baby.jpg 34921 2016-11-09 16:53:30.928591128 +0100 CET} {javascript.pptx 724003 2016-11-09 16:46:12.022878239 +0100 CET} {lettre de motivation pour sam.docx 11471 2016-11-09 16:50:43.653362139 +0100 CET} {motivations.docx 14275 2016-11-09 16:51:25.697298502 +0100 CET}]
files/CVAndreGorret2.1.doc with 266752 bytes
files/funny-bath-cute-baby.jpg with 34921 bytes
files/javascript.pptx with 724003 bytes
files/lettre de motivation pour sam.docx with 11471 bytes
files/motivations.docx with 14275 bytes
[{CVAndreGorret2.1.doc 266752 2016-11-09 16:51:35.090737715 +0100 CET} {funny-bath-cute-baby.jpg 34921 2016-11-09 16:53:30.928591128 +0100 CET} {javascript.pptx 724003 2016-11-09 16:46:12.022878239 +0100 CET} {lettre de motivation pour sam.docx 11471 2016-11-09 16:50:43.653362139 +0100 CET} {motivations.docx 14275 2016-11-09 16:51:25.697298502 +0100 CET}]
Client requests: funny-bath-cute-baby.jpg
34921
files/CVAndreGorret2.1.doc with 266752 bytes
files/funny-bath-cute-baby.jpg with 34921 bytes
files/javascript.pptx with 724003 bytes
files/motivations.docx with 14275 bytes
[{CVAndreGorret2.1.doc 266752 2016-11-09 16:51:35.090737715 +0100 CET} {funny-bath-cute-baby.jpg 34921 2016-11-09 16:53:30.928591128 +0100 CET} {javascript.pptx 724003 2016-11-09 16:46:12.022878239 +0100 CET} {motivations.docx 14275 2016-11-09 16:51:25.697298502 +0100 CET}]
files/CVAndreGorret2.1.doc with 266752 bytes
files/funny-bath-cute-baby.jpg with 34921 bytes
files/javascript.pptx with 724003 bytes
files/motivations.docx with 14275 bytes
[{CVAndreGorret2.1.doc 266752 2016-11-09 16:51:35.090737715 +0100 CET} {funny-bath-cute-baby.jpg 34921 2016-11-09 16:53:30.928591128 +0100 CET} {javascript.pptx 724003 2016-11-09 16:46:12.022878239 +0100 CET} {motivations.docx 14275 2016-11-09 16:51:25.697298502 +0100 CET}]
files/CVAndreGorret2.1.doc with 266752 bytes
files/funny-bath-cute-baby.jpg with 34921 bytes
files/javascript.pptx with 724003 bytes
files/motivations.docx with 14275 bytes
[{CVAndreGorret2.1.doc 266752 2016-11-09 16:51:35.090737715 +0100 CET} {funny-bath-cute-baby.jpg 34921 2016-11-09 16:53:30.928591128 +0100 CET} {javascript.pptx 724003 2016-11-09 16:46:12.022878239 +0100 CET} {motivations.docx 14275 2016-11-09 16:51:25.697298502 +0100 CET}]
files/CVAndreGorret2.1.doc with 266752 bytes
files/funny-bath-cute-baby.jpg with 34921 bytes
files/javascript.pptx with 724003 bytes
files/motivations.docx with 14275 bytes
[{CVAndreGorret2.1.doc 266752 2016-11-09 16:51:35.090737715 +0100 CET} {funny-bath-cute-baby.jpg 34921 2016-11-09 16:53:30.928591128 +0100 CET} {javascript.pptx 724003 2016-11-09 16:46:12.022878239 +0100 CET} {motivations.docx 14275 2016-11-09 16:51:25.697298502 +0100 CET}]
files/CVAndreGorret2.1.doc with 266752 bytes
files/funny-bath-cute-baby.jpg with 34921 bytes
files/js/javascript.pptx with 724003 bytes
files/motivations.docx with 14275 bytes
[{CVAndreGorret2.1.doc 266752 2016-11-09 16:51:35.090737715 +0100 CET} {funny-bath-cute-baby.jpg 34921 2016-11-09 16:53:30.928591128 +0100 CET} {javascript.pptx 724003 2016-11-09 16:46:12.022878239 +0100 CET} {motivations.docx 14275 2016-11-09 16:51:25.697298502 +0100 CET}]
files/CVAndreGorret2.1.doc with 266752 bytes
files/funny-bath-cute-baby.jpg with 34921 bytes
files/js/javascript.pptx with 724003 bytes
files/motivations.docx with 14275 bytes
[{CVAndreGorret2.1.doc 266752 2016-11-09 16:51:35.090737715 +0100 CET} {funny-bath-cute-baby.jpg 34921 2016-11-09 16:53:30.928591128 +0100 CET} {javascript.pptx 724003 2016-11-09 16:46:12.022878239 +0100 CET} {motivations.docx 14275 2016-11-09 16:51:25.697298502 +0100 CET}]
files/CVAndreGorret2.1.doc with 266752 bytes
files/funny-bath-cute-baby.jpg with 34921 bytes
files/js/javascript.pptx with 724003 bytes
files/motivations.docx with 14275 bytes
[{CVAndreGorret2.1.doc 266752 2016-11-09 16:51:35.090737715 +0100 CET} {funny-bath-cute-baby.jpg 34921 2016-11-09 16:53:30.928591128 +0100 CET} {javascript.pptx 724003 2016-11-09 16:46:12.022878239 +0100 CET} {motivations.docx 14275 2016-11-09 16:51:25.697298502 +0100 CET}]
Client requests: javascript.pptx
files/CVAndreGorret2.1.doc with 266752 bytes
files/funny-bath-cute-baby.jpg with 34921 bytes
files/js/javascript.pptx with 724003 bytes
files/motivations.docx with 14275 bytes
[{CVAndreGorret2.1.doc 266752 2016-11-09 16:51:35.090737715 +0100 CET} {funny-bath-cute-baby.jpg 34921 2016-11-09 16:53:30.928591128 +0100 CET} {javascript.pptx 724003 2016-11-09 16:46:12.022878239 +0100 CET} {motivations.docx 14275 2016-11-09 16:51:25.697298502 +0100 CET}]
files/CVAndreGorret2.1.doc with 266752 bytes
files/funny-bath-cute-baby.jpg with 34921 bytes
files/js/javascript.pptx with 724003 bytes
files/motivations.docx with 14275 bytes
[{CVAndreGorret2.1.doc 266752 2016-11-09 16:51:35.090737715 +0100 CET} {funny-bath-cute-baby.jpg 34921 2016-11-09 16:53:30.928591128 +0100 CET} {javascript.pptx 724003 2016-11-09 16:46:12.022878239 +0100 CET} {motivations.docx 14275 2016-11-09 16:51:25.697298502 +0100 CET}]
files/CVAndreGorret2.1.doc with 266752 bytes
files/funny-bath-cute-baby.jpg with 34921 bytes
files/js/javascript.pptx with 724003 bytes
files/motivations.docx with 14275 bytes
[{CVAndreGorret2.1.doc 266752 2016-11-09 16:51:35.090737715 +0100 CET} {funny-bath-cute-baby.jpg 34921 2016-11-09 16:53:30.928591128 +0100 CET} {javascript.pptx 724003 2016-11-09 16:46:12.022878239 +0100 CET} {motivations.docx 14275 2016-11-09 16:51:25.697298502 +0100 CET}]
files/CVAndreGorret2.1.doc with 266752 bytes
files/funny-bath-cute-baby.jpg with 34921 bytes
files/js/javascript.pptx with 724003 bytes
files/motivations.docx with 14275 bytes
[{CVAndreGorret2.1.doc 266752 2016-11-09 16:51:35.090737715 +0100 CET} {funny-bath-cute-baby.jpg 34921 2016-11-09 16:53:30.928591128 +0100 CET} {javascript.pptx 724003 2016-11-09 16:46:12.022878239 +0100 CET} {motivations.docx 14275 2016-11-09 16:51:25.697298502 +0100 CET}]
files/CVAndreGorret2.1.doc with 266752 bytes
files/funny-bath-cute-baby.jpg with 34921 bytes
files/js/javascript.pptx with 724003 bytes
files/motivations.docx with 14275 bytes
[{CVAndreGorret2.1.doc 266752 2016-11-09 16:51:35.090737715 +0100 CET} {funny-bath-cute-baby.jpg 34921 2016-11-09 16:53:30.928591128 +0100 CET} {javascript.pptx 724003 2016-11-09 16:46:12.022878239 +0100 CET} {motivations.docx 14275 2016-11-09 16:51:25.697298502 +0100 CET}]
files/CVAndreGorret2.1.doc with 266752 bytes
files/funny-bath-cute-baby.jpg with 34921 bytes
files/js/javascript.pptx with 724003 bytes
files/motivations.docx with 14275 bytes
[{CVAndreGorret2.1.doc 266752 2016-11-09 16:51:35.090737715 +0100 CET} {funny-bath-cute-baby.jpg 34921 2016-11-09 16:53:30.928591128 +0100 CET} {javascript.pptx 724003 2016-11-09 16:46:12.022878239 +0100 CET} {motivations.docx 14275 2016-11-09 16:51:25.697298502 +0100 CET}]
files/CVAndreGorret2.1.doc with 266752 bytes
files/funny-bath-cute-baby.jpg with 34921 bytes
files/js/javascript.pptx with 724003 bytes
files/motivations.docx with 14275 bytes
[{CVAndreGorret2.1.doc 266752 2016-11-09 16:51:35.090737715 +0100 CET} {funny-bath-cute-baby.jpg 34921 2016-11-09 16:53:30.928591128 +0100 CET} {javascript.pptx 724003 2016-11-09 16:46:12.022878239 +0100 CET} {motivations.docx 14275 2016-11-09 16:51:25.697298502 +0100 CET}]
files/CVAndreGorret2.1.doc with 266752 bytes
files/funny-bath-cute-baby.jpg with 34921 bytes
files/js/javascript.pptx with 724003 bytes
files/motivations.docx with 14275 bytes
[{CVAndreGorret2.1.doc 266752 2016-11-09 16:51:35.090737715 +0100 CET} {funny-bath-cute-baby.jpg 34921 2016-11-09 16:53:30.928591128 +0100 CET} {javascript.pptx 724003 2016-11-09 16:46:12.022878239 +0100 CET} {motivations.docx 14275 2016-11-09 16:51:25.697298502 +0100 CET}]
files/CVAndreGorret2.1.doc with 266752 bytes
files/funny-bath-cute-baby.jpg with 34921 bytes
files/js/javascript.pptx with 724003 bytes
files/motivations.docx with 14275 bytes
[{CVAndreGorret2.1.doc 266752 2016-11-09 16:51:35.090737715 +0100 CET} {funny-bath-cute-baby.jpg 34921 2016-11-09 16:53:30.928591128 +0100 CET} {javascript.pptx 724003 2016-11-09 16:46:12.022878239 +0100 CET} {motivations.docx 14275 2016-11-09 16:51:25.697298502 +0100 CET}]
Client requests: javascript.pptx
